Calling target program-options parser
[01:57:28.086] [bmv2] [D] [thread 8789] Set default default entry for table 'tbl_act': act_5 - 
[01:57:28.086] [bmv2] [D] [thread 8789] Set default default entry for table 'tbl_act_0': act_0 - 
[01:57:28.086] [bmv2] [D] [thread 8789] Set default default entry for table 'tbl_act_1': act - 
[01:57:28.086] [bmv2] [D] [thread 8789] Set default default entry for table 'tbl_act_2': act_3 - 
[01:57:28.086] [bmv2] [D] [thread 8789] Set default default entry for table 'tbl_act_3': act_1 - 
[01:57:28.086] [bmv2] [D] [thread 8789] Set default default entry for table 'tbl_act_4': act_2 - 
[01:57:28.086] [bmv2] [D] [thread 8789] Set default default entry for table 'tbl_act_5': act_4 - 
[01:57:28.086] [bmv2] [D] [thread 8789] Set default default entry for table 'tbl_add_dpint_header': DpintIngress.add_dpint_header - 
[01:57:28.086] [bmv2] [D] [thread 8789] Set default default entry for table 'DpintIngress.ctl_source_control.tbl_determine_task': NoAction - 
[01:57:28.086] [bmv2] [D] [thread 8789] Set default default entry for table 'DpintIngress.tbl_forward': NoAction - 
[01:57:28.086] [bmv2] [D] [thread 8789] Set default default entry for table 'DpintIngress.tbl_ttl_rules': NoAction - 
[01:57:28.086] [bmv2] [D] [thread 8789] Set default default entry for table 'tbl_act_6': act_6 - 
[01:57:28.086] [bmv2] [D] [thread 8789] Set default default entry for table 'DpintIngress.ctl_DpintControl.tbl_do_telemetry_level_0': NoAction - 
Adding interface s2-eth1 as port 1
[01:57:28.087] [bmv2] [D] [thread 8789] Adding interface s2-eth1 as port 1
Adding interface s2-eth2 as port 2
[01:57:28.120] [bmv2] [D] [thread 8789] Adding interface s2-eth2 as port 2
[01:57:28.171] [bmv2] [I] [thread 8789] Starting Thrift server on port 9092
[01:57:28.171] [bmv2] [I] [thread 8789] Thrift server was started
[01:57:28.232] [bmv2] [D] [thread 8797] [0.0] [cxt 0] Processing packet received on port 2
[01:57:28.232] [bmv2] [D] [thread 8797] [0.0] [cxt 0] Parser 'parser': start
[01:57:28.232] [bmv2] [D] [thread 8797] [0.0] [cxt 0] Parser 'parser' entering state 'start'
[01:57:28.232] [bmv2] [D] [thread 8797] [0.0] [cxt 0] Extracting header 'ethernet'
[01:57:28.232] [bmv2] [D] [thread 8797] [0.0] [cxt 0] Parser state 'start': key is 86dd
[01:57:28.232] [bmv2] [T] [thread 8797] [0.0] [cxt 0] Bytes parsed: 14
[01:57:28.232] [bmv2] [D] [thread 8797] [0.0] [cxt 0] Parser 'parser': end
[01:57:28.232] [bmv2] [D] [thread 8797] [0.0] [cxt 0] Pipeline 'ingress': start
[01:57:28.232] [bmv2] [T] [thread 8797] [0.0] [cxt 0] Applying table 'tbl_act'
[01:57:28.232] [bmv2] [D] [thread 8797] [0.0] [cxt 0] Looking up key:

[01:57:28.232] [bmv2] [D] [thread 8797] [0.0] [cxt 0] Table 'tbl_act': miss
[01:57:28.232] [bmv2] [D] [thread 8797] [0.0] [cxt 0] Action entry is act_5 - 
[01:57:28.232] [bmv2] [T] [thread 8797] [0.0] [cxt 0] Action act_5
[01:57:28.232] [bmv2] [T] [thread 8797] [0.0] [cxt 0] p4src/dpint.p4(244) Primitive 256 - (bit<32>)hdr.ipv4.ttl
[01:57:28.233] [bmv2] [T] [thread 8797] [0.0] [cxt 0] p4src/dpint.p4(245) Primitive hash(dp_meta.global_hash, HashAlgorithm.crc32, (bit<1>)0, {hdr.ipv4.identification,diff},(bit<48>)100000)
[01:57:28.233] [bmv2] [T] [thread 8797] [0.0] [cxt 0] hash(base=0, max=100000) = 11037
[01:57:28.233] [bmv2] [T] [thread 8797] [0.0] [cxt 0] p4src/dpint.p4(246) Primitive hash(dp_meta.flow_ID, HashAlgorithm.crc16, (bit<1>)0, {hdr.ipv4.srcAddr,hdr.ipv4.dstAddr,hdr.ipv4.protocol},(bit<48>)1000)
[01:57:28.233] [bmv2] [T] [thread 8797] [0.0] [cxt 0] hash(base=0, max=1000) = 0
[01:57:28.233] [bmv2] [T] [thread 8797] [0.0] [cxt 0] p4src/dpint.p4(247) Condition "hdr.ipv4.isValid()" (node_3) is false
[01:57:28.233] [bmv2] [T] [thread 8797] [0.0] [cxt 0] Applying table 'DpintIngress.tbl_forward'
[01:57:28.233] [bmv2] [D] [thread 8797] [0.0] [cxt 0] Looking up key:
* hdr.ipv4.dstAddr    : 00000000

[01:57:28.233] [bmv2] [D] [thread 8797] [0.0] [cxt 0] Table 'DpintIngress.tbl_forward': miss
[01:57:28.233] [bmv2] [D] [thread 8797] [0.0] [cxt 0] Action entry is NoAction - 
[01:57:28.233] [bmv2] [T] [thread 8797] [0.0] [cxt 0] Action NoAction
[01:57:28.233] [bmv2] [T] [thread 8797] [0.0] [cxt 0] Applying table 'DpintIngress.tbl_ttl_rules'
[01:57:28.233] [bmv2] [D] [thread 8797] [0.0] [cxt 0] Looking up key:
* hdr.dpint.hop       : 0000

[01:57:28.233] [bmv2] [D] [thread 8797] [0.0] [cxt 0] Table 'DpintIngress.tbl_ttl_rules': miss
[01:57:28.233] [bmv2] [D] [thread 8797] [0.0] [cxt 0] Action entry is NoAction - 
[01:57:28.233] [bmv2] [T] [thread 8797] [0.0] [cxt 0] Action NoAction
[01:57:28.233] [bmv2] [T] [thread 8797] [0.0] [cxt 0] p4src/dpint.p4(278) Condition "dp_meta.global_hash < dp_meta.approximation" (node_17) is false
[01:57:28.233] [bmv2] [T] [thread 8797] [0.0] [cxt 0] Applying table 'DpintIngress.ctl_DpintControl.tbl_do_telemetry_level_0'
[01:57:28.233] [bmv2] [D] [thread 8797] [0.0] [cxt 0] Looking up key:
* hdr.dpint.task      : 0000

[01:57:28.233] [bmv2] [D] [thread 8797] [0.0] [cxt 0] Table 'DpintIngress.ctl_DpintControl.tbl_do_telemetry_level_0': miss
[01:57:28.233] [bmv2] [D] [thread 8797] [0.0] [cxt 0] Action entry is NoAction - 
[01:57:28.233] [bmv2] [T] [thread 8797] [0.0] [cxt 0] Action NoAction
[01:57:28.233] [bmv2] [D] [thread 8797] [0.0] [cxt 0] Pipeline 'ingress': end
[01:57:28.233] [bmv2] [D] [thread 8797] [0.0] [cxt 0] Egress port is 0
[01:57:28.233] [bmv2] [D] [thread 8798] [0.0] [cxt 0] Pipeline 'egress': start
[01:57:28.233] [bmv2] [D] [thread 8798] [0.0] [cxt 0] Pipeline 'egress': end
[01:57:28.233] [bmv2] [D] [thread 8798] [0.0] [cxt 0] Deparser 'deparser': start
[01:57:28.233] [bmv2] [T] [thread 8798] [0.0] [cxt 0] Skipping checksum 'cksum' update because condition not met
[01:57:28.233] [bmv2] [D] [thread 8798] [0.0] [cxt 0] Deparsing header 'ethernet'
[01:57:28.233] [bmv2] [D] [thread 8798] [0.0] [cxt 0] Deparser 'deparser': end
[01:57:28.233] [bmv2] [D] [thread 8802] [0.0] [cxt 0] Transmitting packet of size 203 out of port 0
[01:57:28.353] [bmv2] [D] [thread 8797] [1.0] [cxt 0] Processing packet received on port 1
[01:57:28.353] [bmv2] [D] [thread 8797] [1.0] [cxt 0] Parser 'parser': start
[01:57:28.353] [bmv2] [D] [thread 8797] [1.0] [cxt 0] Parser 'parser' entering state 'start'
[01:57:28.353] [bmv2] [D] [thread 8797] [1.0] [cxt 0] Extracting header 'ethernet'
[01:57:28.353] [bmv2] [D] [thread 8797] [1.0] [cxt 0] Parser state 'start': key is 86dd
[01:57:28.353] [bmv2] [T] [thread 8797] [1.0] [cxt 0] Bytes parsed: 14
[01:57:28.353] [bmv2] [D] [thread 8797] [1.0] [cxt 0] Parser 'parser': end
[01:57:28.353] [bmv2] [D] [thread 8797] [1.0] [cxt 0] Pipeline 'ingress': start
[01:57:28.353] [bmv2] [T] [thread 8797] [1.0] [cxt 0] Applying table 'tbl_act'
[01:57:28.353] [bmv2] [D] [thread 8797] [1.0] [cxt 0] Looking up key:

[01:57:28.353] [bmv2] [D] [thread 8797] [1.0] [cxt 0] Table 'tbl_act': miss
[01:57:28.353] [bmv2] [D] [thread 8797] [1.0] [cxt 0] Action entry is act_5 - 
[01:57:28.353] [bmv2] [T] [thread 8797] [1.0] [cxt 0] Action act_5
[01:57:28.353] [bmv2] [T] [thread 8797] [1.0] [cxt 0] p4src/dpint.p4(244) Primitive 256 - (bit<32>)hdr.ipv4.ttl
[01:57:28.353] [bmv2] [T] [thread 8797] [1.0] [cxt 0] p4src/dpint.p4(245) Primitive hash(dp_meta.global_hash, HashAlgorithm.crc32, (bit<1>)0, {hdr.ipv4.identification,diff},(bit<48>)100000)
[01:57:28.353] [bmv2] [T] [thread 8797] [1.0] [cxt 0] hash(base=0, max=100000) = 11037
[01:57:28.353] [bmv2] [T] [thread 8797] [1.0] [cxt 0] p4src/dpint.p4(246) Primitive hash(dp_meta.flow_ID, HashAlgorithm.crc16, (bit<1>)0, {hdr.ipv4.srcAddr,hdr.ipv4.dstAddr,hdr.ipv4.protocol},(bit<48>)1000)
[01:57:28.353] [bmv2] [T] [thread 8797] [1.0] [cxt 0] hash(base=0, max=1000) = 0
[01:57:28.353] [bmv2] [T] [thread 8797] [1.0] [cxt 0] p4src/dpint.p4(247) Condition "hdr.ipv4.isValid()" (node_3) is false
[01:57:28.353] [bmv2] [T] [thread 8797] [1.0] [cxt 0] Applying table 'DpintIngress.tbl_forward'
[01:57:28.353] [bmv2] [D] [thread 8797] [1.0] [cxt 0] Looking up key:
* hdr.ipv4.dstAddr    : 00000000

[01:57:28.353] [bmv2] [D] [thread 8797] [1.0] [cxt 0] Table 'DpintIngress.tbl_forward': miss
[01:57:28.353] [bmv2] [D] [thread 8797] [1.0] [cxt 0] Action entry is NoAction - 
[01:57:28.353] [bmv2] [T] [thread 8797] [1.0] [cxt 0] Action NoAction
[01:57:28.353] [bmv2] [T] [thread 8797] [1.0] [cxt 0] Applying table 'DpintIngress.tbl_ttl_rules'
[01:57:28.353] [bmv2] [D] [thread 8797] [1.0] [cxt 0] Looking up key:
* hdr.dpint.hop       : 0000

[01:57:28.353] [bmv2] [D] [thread 8797] [1.0] [cxt 0] Table 'DpintIngress.tbl_ttl_rules': miss
[01:57:28.353] [bmv2] [D] [thread 8797] [1.0] [cxt 0] Action entry is NoAction - 
[01:57:28.353] [bmv2] [T] [thread 8797] [1.0] [cxt 0] Action NoAction
[01:57:28.353] [bmv2] [T] [thread 8797] [1.0] [cxt 0] p4src/dpint.p4(278) Condition "dp_meta.global_hash < dp_meta.approximation" (node_17) is false
[01:57:28.353] [bmv2] [T] [thread 8797] [1.0] [cxt 0] Applying table 'DpintIngress.ctl_DpintControl.tbl_do_telemetry_level_0'
[01:57:28.353] [bmv2] [D] [thread 8797] [1.0] [cxt 0] Looking up key:
* hdr.dpint.task      : 0000

[01:57:28.353] [bmv2] [D] [thread 8797] [1.0] [cxt 0] Table 'DpintIngress.ctl_DpintControl.tbl_do_telemetry_level_0': miss
[01:57:28.353] [bmv2] [D] [thread 8797] [1.0] [cxt 0] Action entry is NoAction - 
[01:57:28.353] [bmv2] [T] [thread 8797] [1.0] [cxt 0] Action NoAction
[01:57:28.353] [bmv2] [D] [thread 8797] [1.0] [cxt 0] Pipeline 'ingress': end
[01:57:28.353] [bmv2] [D] [thread 8797] [1.0] [cxt 0] Egress port is 0
[01:57:28.353] [bmv2] [D] [thread 8798] [1.0] [cxt 0] Pipeline 'egress': start
[01:57:28.353] [bmv2] [D] [thread 8798] [1.0] [cxt 0] Pipeline 'egress': end
[01:57:28.353] [bmv2] [D] [thread 8798] [1.0] [cxt 0] Deparser 'deparser': start
[01:57:28.353] [bmv2] [T] [thread 8798] [1.0] [cxt 0] Skipping checksum 'cksum' update because condition not met
[01:57:28.353] [bmv2] [D] [thread 8798] [1.0] [cxt 0] Deparsing header 'ethernet'
[01:57:28.353] [bmv2] [D] [thread 8798] [1.0] [cxt 0] Deparser 'deparser': end
[01:57:28.353] [bmv2] [D] [thread 8802] [1.0] [cxt 0] Transmitting packet of size 212 out of port 0
[01:57:28.461] [bmv2] [D] [thread 8797] [2.0] [cxt 0] Processing packet received on port 1
[01:57:28.461] [bmv2] [D] [thread 8797] [2.0] [cxt 0] Parser 'parser': start
[01:57:28.461] [bmv2] [D] [thread 8797] [2.0] [cxt 0] Parser 'parser' entering state 'start'
[01:57:28.461] [bmv2] [D] [thread 8797] [2.0] [cxt 0] Extracting header 'ethernet'
[01:57:28.461] [bmv2] [D] [thread 8797] [2.0] [cxt 0] Parser state 'start': key is 86dd
[01:57:28.461] [bmv2] [T] [thread 8797] [2.0] [cxt 0] Bytes parsed: 14
[01:57:28.461] [bmv2] [D] [thread 8797] [2.0] [cxt 0] Parser 'parser': end
[01:57:28.461] [bmv2] [D] [thread 8797] [2.0] [cxt 0] Pipeline 'ingress': start
[01:57:28.461] [bmv2] [T] [thread 8797] [2.0] [cxt 0] Applying table 'tbl_act'
[01:57:28.461] [bmv2] [D] [thread 8797] [2.0] [cxt 0] Looking up key:

[01:57:28.461] [bmv2] [D] [thread 8797] [2.0] [cxt 0] Table 'tbl_act': miss
[01:57:28.461] [bmv2] [D] [thread 8797] [2.0] [cxt 0] Action entry is act_5 - 
[01:57:28.461] [bmv2] [T] [thread 8797] [2.0] [cxt 0] Action act_5
[01:57:28.461] [bmv2] [T] [thread 8797] [2.0] [cxt 0] p4src/dpint.p4(244) Primitive 256 - (bit<32>)hdr.ipv4.ttl
[01:57:28.461] [bmv2] [T] [thread 8797] [2.0] [cxt 0] p4src/dpint.p4(245) Primitive hash(dp_meta.global_hash, HashAlgorithm.crc32, (bit<1>)0, {hdr.ipv4.identification,diff},(bit<48>)100000)
[01:57:28.461] [bmv2] [T] [thread 8797] [2.0] [cxt 0] hash(base=0, max=100000) = 11037
[01:57:28.461] [bmv2] [T] [thread 8797] [2.0] [cxt 0] p4src/dpint.p4(246) Primitive hash(dp_meta.flow_ID, HashAlgorithm.crc16, (bit<1>)0, {hdr.ipv4.srcAddr,hdr.ipv4.dstAddr,hdr.ipv4.protocol},(bit<48>)1000)
[01:57:28.461] [bmv2] [T] [thread 8797] [2.0] [cxt 0] hash(base=0, max=1000) = 0
[01:57:28.461] [bmv2] [T] [thread 8797] [2.0] [cxt 0] p4src/dpint.p4(247) Condition "hdr.ipv4.isValid()" (node_3) is false
[01:57:28.461] [bmv2] [T] [thread 8797] [2.0] [cxt 0] Applying table 'DpintIngress.tbl_forward'
[01:57:28.461] [bmv2] [D] [thread 8797] [2.0] [cxt 0] Looking up key:
* hdr.ipv4.dstAddr    : 00000000

[01:57:28.461] [bmv2] [D] [thread 8797] [2.0] [cxt 0] Table 'DpintIngress.tbl_forward': miss
[01:57:28.461] [bmv2] [D] [thread 8797] [2.0] [cxt 0] Action entry is NoAction - 
[01:57:28.461] [bmv2] [T] [thread 8797] [2.0] [cxt 0] Action NoAction
[01:57:28.461] [bmv2] [T] [thread 8797] [2.0] [cxt 0] Applying table 'DpintIngress.tbl_ttl_rules'
[01:57:28.461] [bmv2] [D] [thread 8797] [2.0] [cxt 0] Looking up key:
* hdr.dpint.hop       : 0000

[01:57:28.461] [bmv2] [D] [thread 8797] [2.0] [cxt 0] Table 'DpintIngress.tbl_ttl_rules': miss
[01:57:28.461] [bmv2] [D] [thread 8797] [2.0] [cxt 0] Action entry is NoAction - 
[01:57:28.461] [bmv2] [T] [thread 8797] [2.0] [cxt 0] Action NoAction
[01:57:28.461] [bmv2] [T] [thread 8797] [2.0] [cxt 0] p4src/dpint.p4(278) Condition "dp_meta.global_hash < dp_meta.approximation" (node_17) is false
[01:57:28.461] [bmv2] [T] [thread 8797] [2.0] [cxt 0] Applying table 'DpintIngress.ctl_DpintControl.tbl_do_telemetry_level_0'
[01:57:28.461] [bmv2] [D] [thread 8797] [2.0] [cxt 0] Looking up key:
* hdr.dpint.task      : 0000

[01:57:28.461] [bmv2] [D] [thread 8797] [2.0] [cxt 0] Table 'DpintIngress.ctl_DpintControl.tbl_do_telemetry_level_0': miss
[01:57:28.461] [bmv2] [D] [thread 8797] [2.0] [cxt 0] Action entry is NoAction - 
[01:57:28.461] [bmv2] [T] [thread 8797] [2.0] [cxt 0] Action NoAction
[01:57:28.461] [bmv2] [D] [thread 8797] [2.0] [cxt 0] Pipeline 'ingress': end
[01:57:28.461] [bmv2] [D] [thread 8797] [2.0] [cxt 0] Egress port is 0
[01:57:28.461] [bmv2] [D] [thread 8798] [2.0] [cxt 0] Pipeline 'egress': start
[01:57:28.461] [bmv2] [D] [thread 8798] [2.0] [cxt 0] Pipeline 'egress': end
[01:57:28.461] [bmv2] [D] [thread 8798] [2.0] [cxt 0] Deparser 'deparser': start
[01:57:28.461] [bmv2] [T] [thread 8798] [2.0] [cxt 0] Skipping checksum 'cksum' update because condition not met
[01:57:28.461] [bmv2] [D] [thread 8798] [2.0] [cxt 0] Deparsing header 'ethernet'
[01:57:28.461] [bmv2] [D] [thread 8798] [2.0] [cxt 0] Deparser 'deparser': end
[01:57:28.461] [bmv2] [D] [thread 8802] [2.0] [cxt 0] Transmitting packet of size 90 out of port 0
[01:57:28.552] [bmv2] [D] [thread 8797] [3.0] [cxt 0] Processing packet received on port 1
[01:57:28.552] [bmv2] [D] [thread 8797] [3.0] [cxt 0] Parser 'parser': start
[01:57:28.552] [bmv2] [D] [thread 8797] [3.0] [cxt 0] Parser 'parser' entering state 'start'
[01:57:28.552] [bmv2] [D] [thread 8797] [3.0] [cxt 0] Extracting header 'ethernet'
[01:57:28.552] [bmv2] [D] [thread 8797] [3.0] [cxt 0] Parser state 'start': key is 86dd
[01:57:28.552] [bmv2] [T] [thread 8797] [3.0] [cxt 0] Bytes parsed: 14
[01:57:28.553] [bmv2] [D] [thread 8797] [3.0] [cxt 0] Parser 'parser': end
[01:57:28.553] [bmv2] [D] [thread 8797] [3.0] [cxt 0] Pipeline 'ingress': start
[01:57:28.553] [bmv2] [T] [thread 8797] [3.0] [cxt 0] Applying table 'tbl_act'
[01:57:28.553] [bmv2] [D] [thread 8797] [3.0] [cxt 0] Looking up key:

[01:57:28.553] [bmv2] [D] [thread 8797] [3.0] [cxt 0] Table 'tbl_act': miss
[01:57:28.553] [bmv2] [D] [thread 8797] [3.0] [cxt 0] Action entry is act_5 - 
[01:57:28.553] [bmv2] [T] [thread 8797] [3.0] [cxt 0] Action act_5
[01:57:28.553] [bmv2] [T] [thread 8797] [3.0] [cxt 0] p4src/dpint.p4(244) Primitive 256 - (bit<32>)hdr.ipv4.ttl
[01:57:28.553] [bmv2] [T] [thread 8797] [3.0] [cxt 0] p4src/dpint.p4(245) Primitive hash(dp_meta.global_hash, HashAlgorithm.crc32, (bit<1>)0, {hdr.ipv4.identification,diff},(bit<48>)100000)
[01:57:28.553] [bmv2] [T] [thread 8797] [3.0] [cxt 0] hash(base=0, max=100000) = 11037
[01:57:28.553] [bmv2] [T] [thread 8797] [3.0] [cxt 0] p4src/dpint.p4(246) Primitive hash(dp_meta.flow_ID, HashAlgorithm.crc16, (bit<1>)0, {hdr.ipv4.srcAddr,hdr.ipv4.dstAddr,hdr.ipv4.protocol},(bit<48>)1000)
[01:57:28.553] [bmv2] [T] [thread 8797] [3.0] [cxt 0] hash(base=0, max=1000) = 0
[01:57:28.553] [bmv2] [T] [thread 8797] [3.0] [cxt 0] p4src/dpint.p4(247) Condition "hdr.ipv4.isValid()" (node_3) is false
[01:57:28.553] [bmv2] [T] [thread 8797] [3.0] [cxt 0] Applying table 'DpintIngress.tbl_forward'
[01:57:28.553] [bmv2] [D] [thread 8797] [3.0] [cxt 0] Looking up key:
* hdr.ipv4.dstAddr    : 00000000

[01:57:28.553] [bmv2] [D] [thread 8797] [3.0] [cxt 0] Table 'DpintIngress.tbl_forward': miss
[01:57:28.553] [bmv2] [D] [thread 8797] [3.0] [cxt 0] Action entry is NoAction - 
[01:57:28.553] [bmv2] [T] [thread 8797] [3.0] [cxt 0] Action NoAction
[01:57:28.553] [bmv2] [T] [thread 8797] [3.0] [cxt 0] Applying table 'DpintIngress.tbl_ttl_rules'
[01:57:28.553] [bmv2] [D] [thread 8797] [3.0] [cxt 0] Looking up key:
* hdr.dpint.hop       : 0000

[01:57:28.553] [bmv2] [D] [thread 8797] [3.0] [cxt 0] Table 'DpintIngress.tbl_ttl_rules': miss
[01:57:28.553] [bmv2] [D] [thread 8797] [3.0] [cxt 0] Action entry is NoAction - 
[01:57:28.553] [bmv2] [T] [thread 8797] [3.0] [cxt 0] Action NoAction
[01:57:28.553] [bmv2] [T] [thread 8797] [3.0] [cxt 0] p4src/dpint.p4(278) Condition "dp_meta.global_hash < dp_meta.approximation" (node_17) is false
[01:57:28.553] [bmv2] [T] [thread 8797] [3.0] [cxt 0] Applying table 'DpintIngress.ctl_DpintControl.tbl_do_telemetry_level_0'
[01:57:28.553] [bmv2] [D] [thread 8797] [3.0] [cxt 0] Looking up key:
* hdr.dpint.task      : 0000

[01:57:28.553] [bmv2] [D] [thread 8797] [3.0] [cxt 0] Table 'DpintIngress.ctl_DpintControl.tbl_do_telemetry_level_0': miss
[01:57:28.553] [bmv2] [D] [thread 8797] [3.0] [cxt 0] Action entry is NoAction - 
[01:57:28.553] [bmv2] [T] [thread 8797] [3.0] [cxt 0] Action NoAction
[01:57:28.553] [bmv2] [D] [thread 8797] [3.0] [cxt 0] Pipeline 'ingress': end
[01:57:28.553] [bmv2] [D] [thread 8797] [3.0] [cxt 0] Egress port is 0
[01:57:28.553] [bmv2] [D] [thread 8798] [3.0] [cxt 0] Pipeline 'egress': start
[01:57:28.553] [bmv2] [D] [thread 8798] [3.0] [cxt 0] Pipeline 'egress': end
[01:57:28.553] [bmv2] [D] [thread 8798] [3.0] [cxt 0] Deparser 'deparser': start
[01:57:28.553] [bmv2] [T] [thread 8798] [3.0] [cxt 0] Skipping checksum 'cksum' update because condition not met
[01:57:28.553] [bmv2] [D] [thread 8798] [3.0] [cxt 0] Deparsing header 'ethernet'
[01:57:28.553] [bmv2] [D] [thread 8798] [3.0] [cxt 0] Deparser 'deparser': end
[01:57:28.553] [bmv2] [D] [thread 8802] [3.0] [cxt 0] Transmitting packet of size 200 out of port 0
[01:57:28.705] [bmv2] [D] [thread 8797] [4.0] [cxt 0] Processing packet received on port 1
[01:57:28.705] [bmv2] [D] [thread 8797] [4.0] [cxt 0] Parser 'parser': start
[01:57:28.705] [bmv2] [D] [thread 8797] [4.0] [cxt 0] Parser 'parser' entering state 'start'
[01:57:28.705] [bmv2] [D] [thread 8797] [4.0] [cxt 0] Extracting header 'ethernet'
[01:57:28.705] [bmv2] [D] [thread 8797] [4.0] [cxt 0] Parser state 'start': key is 86dd
[01:57:28.705] [bmv2] [T] [thread 8797] [4.0] [cxt 0] Bytes parsed: 14
[01:57:28.705] [bmv2] [D] [thread 8797] [4.0] [cxt 0] Parser 'parser': end
[01:57:28.705] [bmv2] [D] [thread 8797] [4.0] [cxt 0] Pipeline 'ingress': start
[01:57:28.705] [bmv2] [T] [thread 8797] [4.0] [cxt 0] Applying table 'tbl_act'
[01:57:28.705] [bmv2] [D] [thread 8797] [4.0] [cxt 0] Looking up key:

[01:57:28.705] [bmv2] [D] [thread 8797] [4.0] [cxt 0] Table 'tbl_act': miss
[01:57:28.705] [bmv2] [D] [thread 8797] [4.0] [cxt 0] Action entry is act_5 - 
[01:57:28.705] [bmv2] [T] [thread 8797] [4.0] [cxt 0] Action act_5
[01:57:28.705] [bmv2] [T] [thread 8797] [4.0] [cxt 0] p4src/dpint.p4(244) Primitive 256 - (bit<32>)hdr.ipv4.ttl
[01:57:28.706] [bmv2] [T] [thread 8797] [4.0] [cxt 0] p4src/dpint.p4(245) Primitive hash(dp_meta.global_hash, HashAlgorithm.crc32, (bit<1>)0, {hdr.ipv4.identification,diff},(bit<48>)100000)
[01:57:28.706] [bmv2] [T] [thread 8797] [4.0] [cxt 0] hash(base=0, max=100000) = 11037
[01:57:28.706] [bmv2] [T] [thread 8797] [4.0] [cxt 0] p4src/dpint.p4(246) Primitive hash(dp_meta.flow_ID, HashAlgorithm.crc16, (bit<1>)0, {hdr.ipv4.srcAddr,hdr.ipv4.dstAddr,hdr.ipv4.protocol},(bit<48>)1000)
[01:57:28.706] [bmv2] [T] [thread 8797] [4.0] [cxt 0] hash(base=0, max=1000) = 0
[01:57:28.706] [bmv2] [T] [thread 8797] [4.0] [cxt 0] p4src/dpint.p4(247) Condition "hdr.ipv4.isValid()" (node_3) is false
[01:57:28.706] [bmv2] [T] [thread 8797] [4.0] [cxt 0] Applying table 'DpintIngress.tbl_forward'
[01:57:28.706] [bmv2] [D] [thread 8797] [4.0] [cxt 0] Looking up key:
* hdr.ipv4.dstAddr    : 00000000

[01:57:28.706] [bmv2] [D] [thread 8797] [4.0] [cxt 0] Table 'DpintIngress.tbl_forward': miss
[01:57:28.706] [bmv2] [D] [thread 8797] [4.0] [cxt 0] Action entry is NoAction - 
[01:57:28.706] [bmv2] [T] [thread 8797] [4.0] [cxt 0] Action NoAction
[01:57:28.706] [bmv2] [T] [thread 8797] [4.0] [cxt 0] Applying table 'DpintIngress.tbl_ttl_rules'
[01:57:28.706] [bmv2] [D] [thread 8797] [4.0] [cxt 0] Looking up key:
* hdr.dpint.hop       : 0000

[01:57:28.706] [bmv2] [D] [thread 8797] [4.0] [cxt 0] Table 'DpintIngress.tbl_ttl_rules': miss
[01:57:28.706] [bmv2] [D] [thread 8797] [4.0] [cxt 0] Action entry is NoAction - 
[01:57:28.706] [bmv2] [T] [thread 8797] [4.0] [cxt 0] Action NoAction
[01:57:28.706] [bmv2] [T] [thread 8797] [4.0] [cxt 0] p4src/dpint.p4(278) Condition "dp_meta.global_hash < dp_meta.approximation" (node_17) is false
[01:57:28.706] [bmv2] [T] [thread 8797] [4.0] [cxt 0] Applying table 'DpintIngress.ctl_DpintControl.tbl_do_telemetry_level_0'
[01:57:28.706] [bmv2] [D] [thread 8797] [4.0] [cxt 0] Looking up key:
* hdr.dpint.task      : 0000

[01:57:28.706] [bmv2] [D] [thread 8797] [4.0] [cxt 0] Table 'DpintIngress.ctl_DpintControl.tbl_do_telemetry_level_0': miss
[01:57:28.706] [bmv2] [D] [thread 8797] [4.0] [cxt 0] Action entry is NoAction - 
[01:57:28.706] [bmv2] [T] [thread 8797] [4.0] [cxt 0] Action NoAction
[01:57:28.706] [bmv2] [D] [thread 8797] [4.0] [cxt 0] Pipeline 'ingress': end
[01:57:28.706] [bmv2] [D] [thread 8797] [4.0] [cxt 0] Egress port is 0
[01:57:28.707] [bmv2] [D] [thread 8798] [4.0] [cxt 0] Pipeline 'egress': start
[01:57:28.707] [bmv2] [D] [thread 8798] [4.0] [cxt 0] Pipeline 'egress': end
[01:57:28.707] [bmv2] [D] [thread 8798] [4.0] [cxt 0] Deparser 'deparser': start
[01:57:28.707] [bmv2] [T] [thread 8798] [4.0] [cxt 0] Skipping checksum 'cksum' update because condition not met
[01:57:28.707] [bmv2] [D] [thread 8798] [4.0] [cxt 0] Deparsing header 'ethernet'
[01:57:28.707] [bmv2] [D] [thread 8798] [4.0] [cxt 0] Deparser 'deparser': end
[01:57:28.707] [bmv2] [D] [thread 8802] [4.0] [cxt 0] Transmitting packet of size 203 out of port 0
[01:57:30.403] [bmv2] [T] [thread 8989] bm_get_config
[01:57:30.406] [bmv2] [T] [thread 8989] bm_mt_clear_entries
[01:57:30.407] [bmv2] [T] [thread 8989] bm_mt_clear_entries
[01:57:30.407] [bmv2] [T] [thread 8989] bm_mt_clear_entries
[01:57:30.408] [bmv2] [T] [thread 8989] bm_mt_clear_entries
[01:57:30.408] [bmv2] [T] [thread 8989] bm_table_add_entry
[01:57:30.408] [bmv2] [D] [thread 8989] Entry 0 added to table 'DpintIngress.ctl_DpintControl.tbl_do_telemetry_level_0'
[01:57:30.408] [bmv2] [D] [thread 8989] Dumping entry 0
Match key:
* hdr.dpint.task      : EXACT     0001
Action entry: DpintIngress.ctl_DpintControl.write_task_1_value - 7,

[01:57:30.409] [bmv2] [T] [thread 8989] bm_table_add_entry
[01:57:30.409] [bmv2] [D] [thread 8989] Entry 1 added to table 'DpintIngress.ctl_DpintControl.tbl_do_telemetry_level_0'
[01:57:30.409] [bmv2] [D] [thread 8989] Dumping entry 1
Match key:
* hdr.dpint.task      : EXACT     0002
Action entry: DpintIngress.ctl_DpintControl.write_task_2_value - 0,

[01:57:30.409] [bmv2] [T] [thread 8989] bm_table_add_entry
[01:57:30.409] [bmv2] [D] [thread 8989] Entry 2 added to table 'DpintIngress.ctl_DpintControl.tbl_do_telemetry_level_0'
[01:57:30.409] [bmv2] [D] [thread 8989] Dumping entry 2
Match key:
* hdr.dpint.task      : EXACT     0003
Action entry: DpintIngress.ctl_DpintControl.write_task_3_value - 0,

[01:57:30.409] [bmv2] [T] [thread 8989] bm_table_add_entry
[01:57:30.409] [bmv2] [D] [thread 8989] Entry 0 added to table 'DpintIngress.tbl_forward'
[01:57:30.409] [bmv2] [D] [thread 8989] Dumping entry 0
Match key:
* hdr.ipv4.dstAddr    : EXACT     0a000002
Action entry: DpintIngress.forward - 1,

[01:57:30.410] [bmv2] [T] [thread 8989] bm_table_add_entry
[01:57:30.410] [bmv2] [D] [thread 8989] Entry 1 added to table 'DpintIngress.tbl_forward'
[01:57:30.410] [bmv2] [D] [thread 8989] Dumping entry 1
Match key:
* hdr.ipv4.dstAddr    : EXACT     0a000001
Action entry: DpintIngress.forward - 2,

[01:57:30.410] [bmv2] [T] [thread 8989] bm_table_add_entry
[01:57:30.410] [bmv2] [D] [thread 8989] Entry 2 added to table 'DpintIngress.tbl_forward'
[01:57:30.410] [bmv2] [D] [thread 8989] Dumping entry 2
Match key:
* hdr.ipv4.dstAddr    : EXACT     0a000000
Action entry: DpintIngress.forward - 2,

[01:57:30.411] [bmv2] [T] [thread 8989] bm_table_add_entry
[01:57:30.411] [bmv2] [D] [thread 8989] Entry 0 added to table 'DpintIngress.tbl_ttl_rules'
[01:57:30.411] [bmv2] [D] [thread 8989] Dumping entry 0
Match key:
* hdr.dpint.hop       : EXACT     0001
Action entry: DpintIngress.get_approximation - 186a0,

[01:57:30.413] [bmv2] [T] [thread 8989] bm_table_add_entry
[01:57:30.413] [bmv2] [D] [thread 8989] Entry 1 added to table 'DpintIngress.tbl_ttl_rules'
[01:57:30.414] [bmv2] [D] [thread 8989] Dumping entry 1
Match key:
* hdr.dpint.hop       : EXACT     0002
Action entry: DpintIngress.get_approximation - c350,

[01:57:30.414] [bmv2] [T] [thread 8989] bm_table_add_entry
[01:57:30.414] [bmv2] [D] [thread 8989] Entry 2 added to table 'DpintIngress.tbl_ttl_rules'
[01:57:30.414] [bmv2] [D] [thread 8989] Dumping entry 2
Match key:
* hdr.dpint.hop       : EXACT     0003
Action entry: DpintIngress.get_approximation - 8235,

[01:57:30.414] [bmv2] [T] [thread 8989] bm_table_add_entry
[01:57:30.414] [bmv2] [D] [thread 8989] Entry 3 added to table 'DpintIngress.tbl_ttl_rules'
[01:57:30.414] [bmv2] [D] [thread 8989] Dumping entry 3
Match key:
* hdr.dpint.hop       : EXACT     0004
Action entry: DpintIngress.get_approximation - 61a8,

[01:57:30.414] [bmv2] [T] [thread 8989] bm_table_add_entry
[01:57:30.414] [bmv2] [D] [thread 8989] Entry 4 added to table 'DpintIngress.tbl_ttl_rules'
[01:57:30.414] [bmv2] [D] [thread 8989] Dumping entry 4
Match key:
* hdr.dpint.hop       : EXACT     0005
Action entry: DpintIngress.get_approximation - 4e20,

[01:57:30.414] [bmv2] [T] [thread 8989] bm_table_add_entry
[01:57:30.415] [bmv2] [D] [thread 8989] Entry 5 added to table 'DpintIngress.tbl_ttl_rules'
[01:57:30.415] [bmv2] [D] [thread 8989] Dumping entry 5
Match key:
* hdr.dpint.hop       : EXACT     0006
Action entry: DpintIngress.get_approximation - 411a,

[01:57:30.415] [bmv2] [T] [thread 8989] bm_table_add_entry
[01:57:30.415] [bmv2] [D] [thread 8989] Entry 6 added to table 'DpintIngress.tbl_ttl_rules'
[01:57:30.415] [bmv2] [D] [thread 8989] Dumping entry 6
Match key:
* hdr.dpint.hop       : EXACT     0007
Action entry: DpintIngress.get_approximation - 37cd,

[01:57:30.415] [bmv2] [T] [thread 8989] bm_table_add_entry
[01:57:30.415] [bmv2] [D] [thread 8989] Entry 7 added to table 'DpintIngress.tbl_ttl_rules'
[01:57:30.415] [bmv2] [D] [thread 8989] Dumping entry 7
Match key:
* hdr.dpint.hop       : EXACT     0008
Action entry: DpintIngress.get_approximation - 30d4,

[01:57:30.415] [bmv2] [T] [thread 8989] bm_table_add_entry
[01:57:30.415] [bmv2] [D] [thread 8989] Entry 8 added to table 'DpintIngress.tbl_ttl_rules'
[01:57:30.415] [bmv2] [D] [thread 8989] Dumping entry 8
Match key:
* hdr.dpint.hop       : EXACT     0009
Action entry: DpintIngress.get_approximation - 2b67,

[01:57:56.967] [bmv2] [D] [thread 8797] [5.0] [cxt 0] Processing packet received on port 2
[01:57:56.967] [bmv2] [D] [thread 8797] [5.0] [cxt 0] Parser 'parser': start
[01:57:56.967] [bmv2] [D] [thread 8797] [5.0] [cxt 0] Parser 'parser' entering state 'start'
[01:57:56.967] [bmv2] [D] [thread 8797] [5.0] [cxt 0] Extracting header 'ethernet'
[01:57:56.967] [bmv2] [D] [thread 8797] [5.0] [cxt 0] Parser state 'start': key is 0800
[01:57:56.967] [bmv2] [T] [thread 8797] [5.0] [cxt 0] Bytes parsed: 14
[01:57:56.967] [bmv2] [D] [thread 8797] [5.0] [cxt 0] Parser 'parser' entering state 'parse_ipv4'
[01:57:56.967] [bmv2] [D] [thread 8797] [5.0] [cxt 0] Extracting header 'ipv4'
[01:57:56.967] [bmv2] [D] [thread 8797] [5.0] [cxt 0] Parser state 'parse_ipv4': key is 7d
[01:57:56.967] [bmv2] [T] [thread 8797] [5.0] [cxt 0] Bytes parsed: 34
[01:57:56.967] [bmv2] [D] [thread 8797] [5.0] [cxt 0] Parser 'parser' entering state 'parse_dpint'
[01:57:56.967] [bmv2] [D] [thread 8797] [5.0] [cxt 0] Extracting header 'dpint'
[01:57:56.967] [bmv2] [D] [thread 8797] [5.0] [cxt 0] Parser state 'parse_dpint' has no switch, going to default next state
[01:57:56.967] [bmv2] [T] [thread 8797] [5.0] [cxt 0] Bytes parsed: 42
[01:57:56.967] [bmv2] [D] [thread 8797] [5.0] [cxt 0] Parser 'parser': end
[01:57:56.967] [bmv2] [D] [thread 8797] [5.0] [cxt 0] Pipeline 'ingress': start
[01:57:56.967] [bmv2] [T] [thread 8797] [5.0] [cxt 0] Applying table 'tbl_act'
[01:57:56.967] [bmv2] [D] [thread 8797] [5.0] [cxt 0] Looking up key:

[01:57:56.967] [bmv2] [D] [thread 8797] [5.0] [cxt 0] Table 'tbl_act': miss
[01:57:56.967] [bmv2] [D] [thread 8797] [5.0] [cxt 0] Action entry is act_5 - 
[01:57:56.967] [bmv2] [T] [thread 8797] [5.0] [cxt 0] Action act_5
[01:57:56.967] [bmv2] [T] [thread 8797] [5.0] [cxt 0] p4src/dpint.p4(244) Primitive 256 - (bit<32>)hdr.ipv4.ttl
[01:57:56.967] [bmv2] [T] [thread 8797] [5.0] [cxt 0] p4src/dpint.p4(245) Primitive hash(dp_meta.global_hash, HashAlgorithm.crc32, (bit<1>)0, {hdr.ipv4.identification,diff},(bit<48>)100000)
[01:57:56.967] [bmv2] [T] [thread 8797] [5.0] [cxt 0] hash(base=0, max=100000) = 50869
[01:57:56.968] [bmv2] [T] [thread 8797] [5.0] [cxt 0] p4src/dpint.p4(246) Primitive hash(dp_meta.flow_ID, HashAlgorithm.crc16, (bit<1>)0, {hdr.ipv4.srcAddr,hdr.ipv4.dstAddr,hdr.ipv4.protocol},(bit<48>)1000)
[01:57:56.968] [bmv2] [T] [thread 8797] [5.0] [cxt 0] hash(base=0, max=1000) = 383
[01:57:56.968] [bmv2] [T] [thread 8797] [5.0] [cxt 0] p4src/dpint.p4(247) Condition "hdr.ipv4.isValid()" (node_3) is true
[01:57:56.968] [bmv2] [T] [thread 8797] [5.0] [cxt 0] p4src/dpint.p4(249) Condition "!hdr.dpint.isValid()" (node_4) is false
[01:57:56.968] [bmv2] [T] [thread 8797] [5.0] [cxt 0] Applying table 'DpintIngress.tbl_forward'
[01:57:56.968] [bmv2] [D] [thread 8797] [5.0] [cxt 0] Looking up key:
* hdr.ipv4.dstAddr    : 0a000002

[01:57:56.968] [bmv2] [D] [thread 8797] [5.0] [cxt 0] Table 'DpintIngress.tbl_forward': hit with handle 0
[01:57:56.968] [bmv2] [D] [thread 8797] [5.0] [cxt 0] Dumping entry 0
Match key:
* hdr.ipv4.dstAddr    : EXACT     0a000002
Action entry: DpintIngress.forward - 1,

[01:57:56.968] [bmv2] [D] [thread 8797] [5.0] [cxt 0] Action entry is DpintIngress.forward - 1,
[01:57:56.968] [bmv2] [T] [thread 8797] [5.0] [cxt 0] Action DpintIngress.forward
[01:57:56.968] [bmv2] [T] [thread 8797] [5.0] [cxt 0] p4src/dpint.p4(208) Primitive hdr.ipv4.ecn = 1
[01:57:56.968] [bmv2] [T] [thread 8797] [5.0] [cxt 0] p4src/dpint.p4(209) Primitive standard_metadata.egress_spec = egress_port
[01:57:56.968] [bmv2] [T] [thread 8797] [5.0] [cxt 0] p4src/dpint.p4(210) Primitive hdr.ipv4.ttl = hdr.ipv4.ttl - 1
[01:57:56.968] [bmv2] [T] [thread 8797] [5.0] [cxt 0] p4src/dpint.p4(211) Primitive hdr.dpint.hop = hdr.dpint.hop + 1
[01:57:56.968] [bmv2] [T] [thread 8797] [5.0] [cxt 0] Applying table 'DpintIngress.tbl_ttl_rules'
[01:57:56.968] [bmv2] [D] [thread 8797] [5.0] [cxt 0] Looking up key:
* hdr.dpint.hop       : 0003

[01:57:56.968] [bmv2] [D] [thread 8797] [5.0] [cxt 0] Table 'DpintIngress.tbl_ttl_rules': hit with handle 2
[01:57:56.968] [bmv2] [D] [thread 8797] [5.0] [cxt 0] Dumping entry 2
Match key:
* hdr.dpint.hop       : EXACT     0003
Action entry: DpintIngress.get_approximation - 8235,

[01:57:56.968] [bmv2] [D] [thread 8797] [5.0] [cxt 0] Action entry is DpintIngress.get_approximation - 8235,
[01:57:56.968] [bmv2] [T] [thread 8797] [5.0] [cxt 0] Action DpintIngress.get_approximation
[01:57:56.968] [bmv2] [T] [thread 8797] [5.0] [cxt 0] p4src/dpint.p4(228) Primitive dp_meta.approximation = approximation
[01:57:56.968] [bmv2] [T] [thread 8797] [5.0] [cxt 0] p4src/dpint.p4(278) Condition "dp_meta.global_hash < dp_meta.approximation" (node_17) is false
[01:57:56.968] [bmv2] [T] [thread 8797] [5.0] [cxt 0] Applying table 'DpintIngress.ctl_DpintControl.tbl_do_telemetry_level_0'
[01:57:56.968] [bmv2] [D] [thread 8797] [5.0] [cxt 0] Looking up key:
* hdr.dpint.task      : 0001

[01:57:56.968] [bmv2] [D] [thread 8797] [5.0] [cxt 0] Table 'DpintIngress.ctl_DpintControl.tbl_do_telemetry_level_0': hit with handle 0
[01:57:56.968] [bmv2] [D] [thread 8797] [5.0] [cxt 0] Dumping entry 0
Match key:
* hdr.dpint.task      : EXACT     0001
Action entry: DpintIngress.ctl_DpintControl.write_task_1_value - 7,

[01:57:56.968] [bmv2] [D] [thread 8797] [5.0] [cxt 0] Action entry is DpintIngress.ctl_DpintControl.write_task_1_value - 7,
[01:57:56.968] [bmv2] [T] [thread 8797] [5.0] [cxt 0] Action DpintIngress.ctl_DpintControl.write_task_1_value
[01:57:56.968] [bmv2] [T] [thread 8797] [5.0] [cxt 0] p4src/dpint.p4(149) Primitive hdr.dpint.value =
[01:57:56.968] [bmv2] [D] [thread 8797] [5.0] [cxt 0] Pipeline 'ingress': end
[01:57:56.968] [bmv2] [D] [thread 8797] [5.0] [cxt 0] Egress port is 1
[01:57:56.968] [bmv2] [D] [thread 8799] [5.0] [cxt 0] Pipeline 'egress': start
[01:57:56.968] [bmv2] [D] [thread 8799] [5.0] [cxt 0] Pipeline 'egress': end
[01:57:56.968] [bmv2] [D] [thread 8799] [5.0] [cxt 0] Deparser 'deparser': start
[01:57:56.968] [bmv2] [D] [thread 8799] [5.0] [cxt 0] Updating checksum 'cksum'
[01:57:56.968] [bmv2] [D] [thread 8799] [5.0] [cxt 0] Deparsing header 'ethernet'
[01:57:56.968] [bmv2] [D] [thread 8799] [5.0] [cxt 0] Deparsing header 'ipv4'
[01:57:56.968] [bmv2] [D] [thread 8799] [5.0] [cxt 0] Deparsing header 'dpint'
[01:57:56.968] [bmv2] [D] [thread 8799] [5.0] [cxt 0] Deparser 'deparser': end
[01:57:56.968] [bmv2] [D] [thread 8802] [5.0] [cxt 0] Transmitting packet of size 42 out of port 1
[01:57:57.073] [bmv2] [D] [thread 8797] [6.0] [cxt 0] Processing packet received on port 2
[01:57:57.073] [bmv2] [D] [thread 8797] [6.0] [cxt 0] Parser 'parser': start
[01:57:57.073] [bmv2] [D] [thread 8797] [6.0] [cxt 0] Parser 'parser' entering state 'start'
[01:57:57.073] [bmv2] [D] [thread 8797] [6.0] [cxt 0] Extracting header 'ethernet'
[01:57:57.073] [bmv2] [D] [thread 8797] [6.0] [cxt 0] Parser state 'start': key is 0800
[01:57:57.073] [bmv2] [T] [thread 8797] [6.0] [cxt 0] Bytes parsed: 14
[01:57:57.073] [bmv2] [D] [thread 8797] [6.0] [cxt 0] Parser 'parser' entering state 'parse_ipv4'
[01:57:57.073] [bmv2] [D] [thread 8797] [6.0] [cxt 0] Extracting header 'ipv4'
[01:57:57.073] [bmv2] [D] [thread 8797] [6.0] [cxt 0] Parser state 'parse_ipv4': key is 7d
[01:57:57.073] [bmv2] [T] [thread 8797] [6.0] [cxt 0] Bytes parsed: 34
[01:57:57.073] [bmv2] [D] [thread 8797] [6.0] [cxt 0] Parser 'parser' entering state 'parse_dpint'
[01:57:57.073] [bmv2] [D] [thread 8797] [6.0] [cxt 0] Extracting header 'dpint'
[01:57:57.073] [bmv2] [D] [thread 8797] [6.0] [cxt 0] Parser state 'parse_dpint' has no switch, going to default next state
[01:57:57.073] [bmv2] [T] [thread 8797] [6.0] [cxt 0] Bytes parsed: 42
[01:57:57.073] [bmv2] [D] [thread 8797] [6.0] [cxt 0] Parser 'parser': end
[01:57:57.073] [bmv2] [D] [thread 8797] [6.0] [cxt 0] Pipeline 'ingress': start
[01:57:57.073] [bmv2] [T] [thread 8797] [6.0] [cxt 0] Applying table 'tbl_act'
[01:57:57.073] [bmv2] [D] [thread 8797] [6.0] [cxt 0] Looking up key:

[01:57:57.074] [bmv2] [D] [thread 8797] [6.0] [cxt 0] Table 'tbl_act': miss
[01:57:57.074] [bmv2] [D] [thread 8797] [6.0] [cxt 0] Action entry is act_5 - 
[01:57:57.074] [bmv2] [T] [thread 8797] [6.0] [cxt 0] Action act_5
[01:57:57.074] [bmv2] [T] [thread 8797] [6.0] [cxt 0] p4src/dpint.p4(244) Primitive 256 - (bit<32>)hdr.ipv4.ttl
[01:57:57.074] [bmv2] [T] [thread 8797] [6.0] [cxt 0] p4src/dpint.p4(245) Primitive hash(dp_meta.global_hash, HashAlgorithm.crc32, (bit<1>)0, {hdr.ipv4.identification,diff},(bit<48>)100000)
[01:57:57.074] [bmv2] [T] [thread 8797] [6.0] [cxt 0] hash(base=0, max=100000) = 57517
[01:57:57.074] [bmv2] [T] [thread 8797] [6.0] [cxt 0] p4src/dpint.p4(246) Primitive hash(dp_meta.flow_ID, HashAlgorithm.crc16, (bit<1>)0, {hdr.ipv4.srcAddr,hdr.ipv4.dstAddr,hdr.ipv4.protocol},(bit<48>)1000)
[01:57:57.074] [bmv2] [T] [thread 8797] [6.0] [cxt 0] hash(base=0, max=1000) = 383
[01:57:57.074] [bmv2] [T] [thread 8797] [6.0] [cxt 0] p4src/dpint.p4(247) Condition "hdr.ipv4.isValid()" (node_3) is true
[01:57:57.074] [bmv2] [T] [thread 8797] [6.0] [cxt 0] p4src/dpint.p4(249) Condition "!hdr.dpint.isValid()" (node_4) is false
[01:57:57.074] [bmv2] [T] [thread 8797] [6.0] [cxt 0] Applying table 'DpintIngress.tbl_forward'
[01:57:57.074] [bmv2] [D] [thread 8797] [6.0] [cxt 0] Looking up key:
* hdr.ipv4.dstAddr    : 0a000002

[01:57:57.074] [bmv2] [D] [thread 8797] [6.0] [cxt 0] Table 'DpintIngress.tbl_forward': hit with handle 0
[01:57:57.074] [bmv2] [D] [thread 8797] [6.0] [cxt 0] Dumping entry 0
Match key:
* hdr.ipv4.dstAddr    : EXACT     0a000002
Action entry: DpintIngress.forward - 1,

[01:57:57.074] [bmv2] [D] [thread 8797] [6.0] [cxt 0] Action entry is DpintIngress.forward - 1,
[01:57:57.074] [bmv2] [T] [thread 8797] [6.0] [cxt 0] Action DpintIngress.forward
[01:57:57.074] [bmv2] [T] [thread 8797] [6.0] [cxt 0] p4src/dpint.p4(208) Primitive hdr.ipv4.ecn = 1
[01:57:57.074] [bmv2] [T] [thread 8797] [6.0] [cxt 0] p4src/dpint.p4(209) Primitive standard_metadata.egress_spec = egress_port
[01:57:57.074] [bmv2] [T] [thread 8797] [6.0] [cxt 0] p4src/dpint.p4(210) Primitive hdr.ipv4.ttl = hdr.ipv4.ttl - 1
[01:57:57.074] [bmv2] [T] [thread 8797] [6.0] [cxt 0] p4src/dpint.p4(211) Primitive hdr.dpint.hop = hdr.dpint.hop + 1
[01:57:57.074] [bmv2] [T] [thread 8797] [6.0] [cxt 0] Applying table 'DpintIngress.tbl_ttl_rules'
[01:57:57.074] [bmv2] [D] [thread 8797] [6.0] [cxt 0] Looking up key:
* hdr.dpint.hop       : 0003

[01:57:57.074] [bmv2] [D] [thread 8797] [6.0] [cxt 0] Table 'DpintIngress.tbl_ttl_rules': hit with handle 2
[01:57:57.074] [bmv2] [D] [thread 8797] [6.0] [cxt 0] Dumping entry 2
Match key:
* hdr.dpint.hop       : EXACT     0003
Action entry: DpintIngress.get_approximation - 8235,

[01:57:57.074] [bmv2] [D] [thread 8797] [6.0] [cxt 0] Action entry is DpintIngress.get_approximation - 8235,
[01:57:57.074] [bmv2] [T] [thread 8797] [6.0] [cxt 0] Action DpintIngress.get_approximation
[01:57:57.074] [bmv2] [T] [thread 8797] [6.0] [cxt 0] p4src/dpint.p4(228) Primitive dp_meta.approximation = approximation
[01:57:57.074] [bmv2] [T] [thread 8797] [6.0] [cxt 0] p4src/dpint.p4(278) Condition "dp_meta.global_hash < dp_meta.approximation" (node_17) is false
[01:57:57.074] [bmv2] [T] [thread 8797] [6.0] [cxt 0] Applying table 'DpintIngress.ctl_DpintControl.tbl_do_telemetry_level_0'
[01:57:57.074] [bmv2] [D] [thread 8797] [6.0] [cxt 0] Looking up key:
* hdr.dpint.task      : 0002

[01:57:57.074] [bmv2] [D] [thread 8797] [6.0] [cxt 0] Table 'DpintIngress.ctl_DpintControl.tbl_do_telemetry_level_0': hit with handle 1
[01:57:57.074] [bmv2] [D] [thread 8797] [6.0] [cxt 0] Dumping entry 1
Match key:
* hdr.dpint.task      : EXACT     0002
Action entry: DpintIngress.ctl_DpintControl.write_task_2_value - 0,

[01:57:57.074] [bmv2] [D] [thread 8797] [6.0] [cxt 0] Action entry is DpintIngress.ctl_DpintControl.write_task_2_value - 0,
[01:57:57.074] [bmv2] [T] [thread 8797] [6.0] [cxt 0] Action DpintIngress.ctl_DpintControl.write_task_2_value
[01:57:57.074] [bmv2] [T] [thread 8797] [6.0] [cxt 0] p4src/dpint.p4(157) Primitive hdr.dpint.value =
[01:57:57.074] [bmv2] [D] [thread 8797] [6.0] [cxt 0] Pipeline 'ingress': end
[01:57:57.074] [bmv2] [D] [thread 8797] [6.0] [cxt 0] Egress port is 1
[01:57:57.075] [bmv2] [D] [thread 8799] [6.0] [cxt 0] Pipeline 'egress': start
[01:57:57.075] [bmv2] [D] [thread 8799] [6.0] [cxt 0] Pipeline 'egress': end
[01:57:57.075] [bmv2] [D] [thread 8799] [6.0] [cxt 0] Deparser 'deparser': start
[01:57:57.075] [bmv2] [D] [thread 8799] [6.0] [cxt 0] Updating checksum 'cksum'
[01:57:57.075] [bmv2] [D] [thread 8799] [6.0] [cxt 0] Deparsing header 'ethernet'
[01:57:57.075] [bmv2] [D] [thread 8799] [6.0] [cxt 0] Deparsing header 'ipv4'
[01:57:57.075] [bmv2] [D] [thread 8799] [6.0] [cxt 0] Deparsing header 'dpint'
[01:57:57.075] [bmv2] [D] [thread 8799] [6.0] [cxt 0] Deparser 'deparser': end
[01:57:57.075] [bmv2] [D] [thread 8802] [6.0] [cxt 0] Transmitting packet of size 42 out of port 1
[01:57:57.176] [bmv2] [D] [thread 8797] [7.0] [cxt 0] Processing packet received on port 2
[01:57:57.176] [bmv2] [D] [thread 8797] [7.0] [cxt 0] Parser 'parser': start
[01:57:57.176] [bmv2] [D] [thread 8797] [7.0] [cxt 0] Parser 'parser' entering state 'start'
[01:57:57.176] [bmv2] [D] [thread 8797] [7.0] [cxt 0] Extracting header 'ethernet'
[01:57:57.176] [bmv2] [D] [thread 8797] [7.0] [cxt 0] Parser state 'start': key is 0800
[01:57:57.176] [bmv2] [T] [thread 8797] [7.0] [cxt 0] Bytes parsed: 14
[01:57:57.176] [bmv2] [D] [thread 8797] [7.0] [cxt 0] Parser 'parser' entering state 'parse_ipv4'
[01:57:57.176] [bmv2] [D] [thread 8797] [7.0] [cxt 0] Extracting header 'ipv4'
[01:57:57.176] [bmv2] [D] [thread 8797] [7.0] [cxt 0] Parser state 'parse_ipv4': key is 7d
[01:57:57.176] [bmv2] [T] [thread 8797] [7.0] [cxt 0] Bytes parsed: 34
[01:57:57.176] [bmv2] [D] [thread 8797] [7.0] [cxt 0] Parser 'parser' entering state 'parse_dpint'
[01:57:57.176] [bmv2] [D] [thread 8797] [7.0] [cxt 0] Extracting header 'dpint'
[01:57:57.176] [bmv2] [D] [thread 8797] [7.0] [cxt 0] Parser state 'parse_dpint' has no switch, going to default next state
[01:57:57.176] [bmv2] [T] [thread 8797] [7.0] [cxt 0] Bytes parsed: 42
[01:57:57.176] [bmv2] [D] [thread 8797] [7.0] [cxt 0] Parser 'parser': end
[01:57:57.176] [bmv2] [D] [thread 8797] [7.0] [cxt 0] Pipeline 'ingress': start
[01:57:57.176] [bmv2] [T] [thread 8797] [7.0] [cxt 0] Applying table 'tbl_act'
[01:57:57.176] [bmv2] [D] [thread 8797] [7.0] [cxt 0] Looking up key:

[01:57:57.176] [bmv2] [D] [thread 8797] [7.0] [cxt 0] Table 'tbl_act': miss
[01:57:57.176] [bmv2] [D] [thread 8797] [7.0] [cxt 0] Action entry is act_5 - 
[01:57:57.176] [bmv2] [T] [thread 8797] [7.0] [cxt 0] Action act_5
[01:57:57.176] [bmv2] [T] [thread 8797] [7.0] [cxt 0] p4src/dpint.p4(244) Primitive 256 - (bit<32>)hdr.ipv4.ttl
[01:57:57.176] [bmv2] [T] [thread 8797] [7.0] [cxt 0] p4src/dpint.p4(245) Primitive hash(dp_meta.global_hash, HashAlgorithm.crc32, (bit<1>)0, {hdr.ipv4.identification,diff},(bit<48>)100000)
[01:57:57.177] [bmv2] [T] [thread 8797] [7.0] [cxt 0] hash(base=0, max=100000) = 87068
[01:57:57.177] [bmv2] [T] [thread 8797] [7.0] [cxt 0] p4src/dpint.p4(246) Primitive hash(dp_meta.flow_ID, HashAlgorithm.crc16, (bit<1>)0, {hdr.ipv4.srcAddr,hdr.ipv4.dstAddr,hdr.ipv4.protocol},(bit<48>)1000)
[01:57:57.177] [bmv2] [T] [thread 8797] [7.0] [cxt 0] hash(base=0, max=1000) = 383
[01:57:57.177] [bmv2] [T] [thread 8797] [7.0] [cxt 0] p4src/dpint.p4(247) Condition "hdr.ipv4.isValid()" (node_3) is true
[01:57:57.177] [bmv2] [T] [thread 8797] [7.0] [cxt 0] p4src/dpint.p4(249) Condition "!hdr.dpint.isValid()" (node_4) is false
[01:57:57.177] [bmv2] [T] [thread 8797] [7.0] [cxt 0] Applying table 'DpintIngress.tbl_forward'
[01:57:57.177] [bmv2] [D] [thread 8797] [7.0] [cxt 0] Looking up key:
* hdr.ipv4.dstAddr    : 0a000002

[01:57:57.177] [bmv2] [D] [thread 8797] [7.0] [cxt 0] Table 'DpintIngress.tbl_forward': hit with handle 0
[01:57:57.177] [bmv2] [D] [thread 8797] [7.0] [cxt 0] Dumping entry 0
Match key:
* hdr.ipv4.dstAddr    : EXACT     0a000002
Action entry: DpintIngress.forward - 1,

[01:57:57.177] [bmv2] [D] [thread 8797] [7.0] [cxt 0] Action entry is DpintIngress.forward - 1,
[01:57:57.177] [bmv2] [T] [thread 8797] [7.0] [cxt 0] Action DpintIngress.forward
[01:57:57.177] [bmv2] [T] [thread 8797] [7.0] [cxt 0] p4src/dpint.p4(208) Primitive hdr.ipv4.ecn = 1
[01:57:57.177] [bmv2] [T] [thread 8797] [7.0] [cxt 0] p4src/dpint.p4(209) Primitive standard_metadata.egress_spec = egress_port
[01:57:57.177] [bmv2] [T] [thread 8797] [7.0] [cxt 0] p4src/dpint.p4(210) Primitive hdr.ipv4.ttl = hdr.ipv4.ttl - 1
[01:57:57.177] [bmv2] [T] [thread 8797] [7.0] [cxt 0] p4src/dpint.p4(211) Primitive hdr.dpint.hop = hdr.dpint.hop + 1
[01:57:57.177] [bmv2] [T] [thread 8797] [7.0] [cxt 0] Applying table 'DpintIngress.tbl_ttl_rules'
[01:57:57.177] [bmv2] [D] [thread 8797] [7.0] [cxt 0] Looking up key:
* hdr.dpint.hop       : 0003

[01:57:57.177] [bmv2] [D] [thread 8797] [7.0] [cxt 0] Table 'DpintIngress.tbl_ttl_rules': hit with handle 2
[01:57:57.177] [bmv2] [D] [thread 8797] [7.0] [cxt 0] Dumping entry 2
Match key:
* hdr.dpint.hop       : EXACT     0003
Action entry: DpintIngress.get_approximation - 8235,

[01:57:57.177] [bmv2] [D] [thread 8797] [7.0] [cxt 0] Action entry is DpintIngress.get_approximation - 8235,
[01:57:57.177] [bmv2] [T] [thread 8797] [7.0] [cxt 0] Action DpintIngress.get_approximation
[01:57:57.177] [bmv2] [T] [thread 8797] [7.0] [cxt 0] p4src/dpint.p4(228) Primitive dp_meta.approximation = approximation
[01:57:57.177] [bmv2] [T] [thread 8797] [7.0] [cxt 0] p4src/dpint.p4(278) Condition "dp_meta.global_hash < dp_meta.approximation" (node_17) is false
[01:57:57.177] [bmv2] [T] [thread 8797] [7.0] [cxt 0] Applying table 'DpintIngress.ctl_DpintControl.tbl_do_telemetry_level_0'
[01:57:57.177] [bmv2] [D] [thread 8797] [7.0] [cxt 0] Looking up key:
* hdr.dpint.task      : 0003

[01:57:57.177] [bmv2] [D] [thread 8797] [7.0] [cxt 0] Table 'DpintIngress.ctl_DpintControl.tbl_do_telemetry_level_0': hit with handle 2
[01:57:57.177] [bmv2] [D] [thread 8797] [7.0] [cxt 0] Dumping entry 2
Match key:
* hdr.dpint.task      : EXACT     0003
Action entry: DpintIngress.ctl_DpintControl.write_task_3_value - 0,

[01:57:57.177] [bmv2] [D] [thread 8797] [7.0] [cxt 0] Action entry is DpintIngress.ctl_DpintControl.write_task_3_value - 0,
[01:57:57.177] [bmv2] [T] [thread 8797] [7.0] [cxt 0] Action DpintIngress.ctl_DpintControl.write_task_3_value
[01:57:57.177] [bmv2] [T] [thread 8797] [7.0] [cxt 0] p4src/dpint.p4(165) Primitive hdr.dpint.value =
[01:57:57.177] [bmv2] [D] [thread 8797] [7.0] [cxt 0] Pipeline 'ingress': end
[01:57:57.177] [bmv2] [D] [thread 8797] [7.0] [cxt 0] Egress port is 1
[01:57:57.177] [bmv2] [D] [thread 8799] [7.0] [cxt 0] Pipeline 'egress': start
[01:57:57.178] [bmv2] [D] [thread 8799] [7.0] [cxt 0] Pipeline 'egress': end
[01:57:57.178] [bmv2] [D] [thread 8799] [7.0] [cxt 0] Deparser 'deparser': start
[01:57:57.178] [bmv2] [D] [thread 8799] [7.0] [cxt 0] Updating checksum 'cksum'
[01:57:57.178] [bmv2] [D] [thread 8799] [7.0] [cxt 0] Deparsing header 'ethernet'
[01:57:57.178] [bmv2] [D] [thread 8799] [7.0] [cxt 0] Deparsing header 'ipv4'
[01:57:57.178] [bmv2] [D] [thread 8799] [7.0] [cxt 0] Deparsing header 'dpint'
[01:57:57.178] [bmv2] [D] [thread 8799] [7.0] [cxt 0] Deparser 'deparser': end
[01:57:57.178] [bmv2] [D] [thread 8802] [7.0] [cxt 0] Transmitting packet of size 42 out of port 1
[01:57:57.280] [bmv2] [D] [thread 8797] [8.0] [cxt 0] Processing packet received on port 2
[01:57:57.280] [bmv2] [D] [thread 8797] [8.0] [cxt 0] Parser 'parser': start
[01:57:57.280] [bmv2] [D] [thread 8797] [8.0] [cxt 0] Parser 'parser' entering state 'start'
[01:57:57.280] [bmv2] [D] [thread 8797] [8.0] [cxt 0] Extracting header 'ethernet'
[01:57:57.280] [bmv2] [D] [thread 8797] [8.0] [cxt 0] Parser state 'start': key is 0800
[01:57:57.280] [bmv2] [T] [thread 8797] [8.0] [cxt 0] Bytes parsed: 14
[01:57:57.280] [bmv2] [D] [thread 8797] [8.0] [cxt 0] Parser 'parser' entering state 'parse_ipv4'
[01:57:57.280] [bmv2] [D] [thread 8797] [8.0] [cxt 0] Extracting header 'ipv4'
[01:57:57.280] [bmv2] [D] [thread 8797] [8.0] [cxt 0] Parser state 'parse_ipv4': key is 7d
[01:57:57.280] [bmv2] [T] [thread 8797] [8.0] [cxt 0] Bytes parsed: 34
[01:57:57.280] [bmv2] [D] [thread 8797] [8.0] [cxt 0] Parser 'parser' entering state 'parse_dpint'
[01:57:57.280] [bmv2] [D] [thread 8797] [8.0] [cxt 0] Extracting header 'dpint'
[01:57:57.280] [bmv2] [D] [thread 8797] [8.0] [cxt 0] Parser state 'parse_dpint' has no switch, going to default next state
[01:57:57.281] [bmv2] [T] [thread 8797] [8.0] [cxt 0] Bytes parsed: 42
[01:57:57.281] [bmv2] [D] [thread 8797] [8.0] [cxt 0] Parser 'parser': end
[01:57:57.281] [bmv2] [D] [thread 8797] [8.0] [cxt 0] Pipeline 'ingress': start
[01:57:57.281] [bmv2] [T] [thread 8797] [8.0] [cxt 0] Applying table 'tbl_act'
[01:57:57.281] [bmv2] [D] [thread 8797] [8.0] [cxt 0] Looking up key:

[01:57:57.281] [bmv2] [D] [thread 8797] [8.0] [cxt 0] Table 'tbl_act': miss
[01:57:57.281] [bmv2] [D] [thread 8797] [8.0] [cxt 0] Action entry is act_5 - 
[01:57:57.281] [bmv2] [T] [thread 8797] [8.0] [cxt 0] Action act_5
[01:57:57.281] [bmv2] [T] [thread 8797] [8.0] [cxt 0] p4src/dpint.p4(244) Primitive 256 - (bit<32>)hdr.ipv4.ttl
[01:57:57.281] [bmv2] [T] [thread 8797] [8.0] [cxt 0] p4src/dpint.p4(245) Primitive hash(dp_meta.global_hash, HashAlgorithm.crc32, (bit<1>)0, {hdr.ipv4.identification,diff},(bit<48>)100000)
[01:57:57.281] [bmv2] [T] [thread 8797] [8.0] [cxt 0] hash(base=0, max=100000) = 43286
[01:57:57.281] [bmv2] [T] [thread 8797] [8.0] [cxt 0] p4src/dpint.p4(246) Primitive hash(dp_meta.flow_ID, HashAlgorithm.crc16, (bit<1>)0, {hdr.ipv4.srcAddr,hdr.ipv4.dstAddr,hdr.ipv4.protocol},(bit<48>)1000)
[01:57:57.281] [bmv2] [T] [thread 8797] [8.0] [cxt 0] hash(base=0, max=1000) = 383
[01:57:57.281] [bmv2] [T] [thread 8797] [8.0] [cxt 0] p4src/dpint.p4(247) Condition "hdr.ipv4.isValid()" (node_3) is true
[01:57:57.281] [bmv2] [T] [thread 8797] [8.0] [cxt 0] p4src/dpint.p4(249) Condition "!hdr.dpint.isValid()" (node_4) is false
[01:57:57.281] [bmv2] [T] [thread 8797] [8.0] [cxt 0] Applying table 'DpintIngress.tbl_forward'
[01:57:57.281] [bmv2] [D] [thread 8797] [8.0] [cxt 0] Looking up key:
* hdr.ipv4.dstAddr    : 0a000002

[01:57:57.281] [bmv2] [D] [thread 8797] [8.0] [cxt 0] Table 'DpintIngress.tbl_forward': hit with handle 0
[01:57:57.281] [bmv2] [D] [thread 8797] [8.0] [cxt 0] Dumping entry 0
Match key:
* hdr.ipv4.dstAddr    : EXACT     0a000002
Action entry: DpintIngress.forward - 1,

[01:57:57.281] [bmv2] [D] [thread 8797] [8.0] [cxt 0] Action entry is DpintIngress.forward - 1,
[01:57:57.281] [bmv2] [T] [thread 8797] [8.0] [cxt 0] Action DpintIngress.forward
[01:57:57.281] [bmv2] [T] [thread 8797] [8.0] [cxt 0] p4src/dpint.p4(208) Primitive hdr.ipv4.ecn = 1
[01:57:57.281] [bmv2] [T] [thread 8797] [8.0] [cxt 0] p4src/dpint.p4(209) Primitive standard_metadata.egress_spec = egress_port
[01:57:57.281] [bmv2] [T] [thread 8797] [8.0] [cxt 0] p4src/dpint.p4(210) Primitive hdr.ipv4.ttl = hdr.ipv4.ttl - 1
[01:57:57.281] [bmv2] [T] [thread 8797] [8.0] [cxt 0] p4src/dpint.p4(211) Primitive hdr.dpint.hop = hdr.dpint.hop + 1
[01:57:57.281] [bmv2] [T] [thread 8797] [8.0] [cxt 0] Applying table 'DpintIngress.tbl_ttl_rules'
[01:57:57.281] [bmv2] [D] [thread 8797] [8.0] [cxt 0] Looking up key:
* hdr.dpint.hop       : 0003

[01:57:57.281] [bmv2] [D] [thread 8797] [8.0] [cxt 0] Table 'DpintIngress.tbl_ttl_rules': hit with handle 2
[01:57:57.281] [bmv2] [D] [thread 8797] [8.0] [cxt 0] Dumping entry 2
Match key:
* hdr.dpint.hop       : EXACT     0003
Action entry: DpintIngress.get_approximation - 8235,

[01:57:57.281] [bmv2] [D] [thread 8797] [8.0] [cxt 0] Action entry is DpintIngress.get_approximation - 8235,
[01:57:57.281] [bmv2] [T] [thread 8797] [8.0] [cxt 0] Action DpintIngress.get_approximation
[01:57:57.281] [bmv2] [T] [thread 8797] [8.0] [cxt 0] p4src/dpint.p4(228) Primitive dp_meta.approximation = approximation
[01:57:57.281] [bmv2] [T] [thread 8797] [8.0] [cxt 0] p4src/dpint.p4(278) Condition "dp_meta.global_hash < dp_meta.approximation" (node_17) is false
[01:57:57.281] [bmv2] [T] [thread 8797] [8.0] [cxt 0] Applying table 'DpintIngress.ctl_DpintControl.tbl_do_telemetry_level_0'
[01:57:57.281] [bmv2] [D] [thread 8797] [8.0] [cxt 0] Looking up key:
* hdr.dpint.task      : 0001

[01:57:57.281] [bmv2] [D] [thread 8797] [8.0] [cxt 0] Table 'DpintIngress.ctl_DpintControl.tbl_do_telemetry_level_0': hit with handle 0
[01:57:57.281] [bmv2] [D] [thread 8797] [8.0] [cxt 0] Dumping entry 0
Match key:
* hdr.dpint.task      : EXACT     0001
Action entry: DpintIngress.ctl_DpintControl.write_task_1_value - 7,

[01:57:57.281] [bmv2] [D] [thread 8797] [8.0] [cxt 0] Action entry is DpintIngress.ctl_DpintControl.write_task_1_value - 7,
[01:57:57.281] [bmv2] [T] [thread 8797] [8.0] [cxt 0] Action DpintIngress.ctl_DpintControl.write_task_1_value
[01:57:57.281] [bmv2] [T] [thread 8797] [8.0] [cxt 0] p4src/dpint.p4(149) Primitive hdr.dpint.value =
[01:57:57.282] [bmv2] [D] [thread 8797] [8.0] [cxt 0] Pipeline 'ingress': end
[01:57:57.282] [bmv2] [D] [thread 8797] [8.0] [cxt 0] Egress port is 1
[01:57:57.282] [bmv2] [D] [thread 8799] [8.0] [cxt 0] Pipeline 'egress': start
[01:57:57.282] [bmv2] [D] [thread 8799] [8.0] [cxt 0] Pipeline 'egress': end
[01:57:57.282] [bmv2] [D] [thread 8799] [8.0] [cxt 0] Deparser 'deparser': start
[01:57:57.282] [bmv2] [D] [thread 8799] [8.0] [cxt 0] Updating checksum 'cksum'
[01:57:57.282] [bmv2] [D] [thread 8799] [8.0] [cxt 0] Deparsing header 'ethernet'
[01:57:57.282] [bmv2] [D] [thread 8799] [8.0] [cxt 0] Deparsing header 'ipv4'
[01:57:57.283] [bmv2] [D] [thread 8799] [8.0] [cxt 0] Deparsing header 'dpint'
[01:57:57.283] [bmv2] [D] [thread 8799] [8.0] [cxt 0] Deparser 'deparser': end
[01:57:57.283] [bmv2] [D] [thread 8802] [8.0] [cxt 0] Transmitting packet of size 42 out of port 1
open: No such file or directory
open: No such file or directory
open: No such file or directory
